CRITICAL - 2023-07-21 17:17:45 --> The action you requested is not allowed.
in SYSTEMPATH/Security/Security.php on line 306.
 1 SYSTEMPATH/Security/Security.php(306): CodeIgniter\Security\Exceptions\SecurityException::forDisallowedAction()
 2 SYSTEMPATH/Filters/CSRF.php(55): CodeIgniter\Security\Security->verify()
 3 SYSTEMPATH/Filters/Filters.php(173): CodeIgniter\Filters\CSRF->before()
 4 SYSTEMPATH/CodeIgniter.php(471): CodeIgniter\Filters\Filters->run()
 5 SYSTEMPATH/CodeIgniter.php(366): CodeIgniter\CodeIgniter->handleRequest()
 6 FCPATH/index.php(67): CodeIgniter\CodeIgniter->run()
 7 SYSTEMPATH/Commands/Server/rewrite.php(47): require_once('/home/dylan/Desktop/Codeigniter/CI4-exploration/public/index.php')
ERROR - 2023-07-21 17:34:06 --> ErrorException: pg_query(): Query failed: ERROR:  duplicate key value violates unique constraint &quot;news_pkey&quot;
DETAIL:  Key (id)=(1) already exists. in /home/dylan/Desktop/Codeigniter/CI4-exploration/system/Database/Postgre/Connection.php:187
Stack trace:
#0 [internal function]: CodeIgniter\Debug\Exceptions->errorHandler()
#1 /home/dylan/Desktop/Codeigniter/CI4-exploration/system/Database/Postgre/Connection.php(187): pg_query()
#2 /home/dylan/Desktop/Codeigniter/CI4-exploration/system/Database/BaseConnection.php(692): CodeIgniter\Database\Postgre\Connection->execute()
#3 /home/dylan/Desktop/Codeigniter/CI4-exploration/system/Database/BaseConnection.php(606): CodeIgniter\Database\BaseConnection->simpleQuery()
#4 /home/dylan/Desktop/Codeigniter/CI4-exploration/system/Database/BaseBuilder.php(2309): CodeIgniter\Database\BaseConnection->query()
#5 /home/dylan/Desktop/Codeigniter/CI4-exploration/system/Model.php(330): CodeIgniter\Database\BaseBuilder->insert()
#6 /home/dylan/Desktop/Codeigniter/CI4-exploration/system/BaseModel.php(782): CodeIgniter\Model->doInsert()
#7 /home/dylan/Desktop/Codeigniter/CI4-exploration/system/Model.php(730): CodeIgniter\BaseModel->insert()
#8 /home/dylan/Desktop/Codeigniter/CI4-exploration/system/BaseModel.php(692): CodeIgniter\Model->insert()
#9 /home/dylan/Desktop/Codeigniter/CI4-exploration/app/Controllers/News.php(86): CodeIgniter\BaseModel->save()
#10 /home/dylan/Desktop/Codeigniter/CI4-exploration/system/CodeIgniter.php(932): App\Controllers\News->create()
#11 /home/dylan/Desktop/Codeigniter/CI4-exploration/system/CodeIgniter.php(497): CodeIgniter\CodeIgniter->runController()
#12 /home/dylan/Desktop/Codeigniter/CI4-exploration/system/CodeIgniter.php(366): CodeIgniter\CodeIgniter->handleRequest()
#13 /home/dylan/Desktop/Codeigniter/CI4-exploration/public/index.php(67): CodeIgniter\CodeIgniter->run()
#14 /home/dylan/Desktop/Codeigniter/CI4-exploration/system/Commands/Server/rewrite.php(47): require_once('...')
#15 {main}
CRITICAL - 2023-07-21 17:34:06 --> pg_query(): Query failed: ERROR:  duplicate key value violates unique constraint &quot;news_pkey&quot;
DETAIL:  Key (id)=(1) already exists.
in SYSTEMPATH/Database/Postgre/Connection.php on line 187.
 1 [internal function]: CodeIgniter\Debug\Exceptions->errorHandler()
 2 SYSTEMPATH/Database/Postgre/Connection.php(187): pg_query()
 3 SYSTEMPATH/Database/BaseConnection.php(692): CodeIgniter\Database\Postgre\Connection->execute()
 4 SYSTEMPATH/Database/BaseConnection.php(606): CodeIgniter\Database\BaseConnection->simpleQuery()
 5 SYSTEMPATH/Database/BaseBuilder.php(2309): CodeIgniter\Database\BaseConnection->query()
 6 SYSTEMPATH/Model.php(330): CodeIgniter\Database\BaseBuilder->insert()
 7 SYSTEMPATH/BaseModel.php(782): CodeIgniter\Model->doInsert()
 8 SYSTEMPATH/Model.php(730): CodeIgniter\BaseModel->insert()
 9 SYSTEMPATH/BaseModel.php(692): CodeIgniter\Model->insert()
10 APPPATH/Controllers/News.php(86): CodeIgniter\BaseModel->save()
11 SYSTEMPATH/CodeIgniter.php(932): App\Controllers\News->create()
12 SYSTEMPATH/CodeIgniter.php(497): CodeIgniter\CodeIgniter->runController()
13 SYSTEMPATH/CodeIgniter.php(366): CodeIgniter\CodeIgniter->handleRequest()
14 FCPATH/index.php(67): CodeIgniter\CodeIgniter->run()
15 SYSTEMPATH/Commands/Server/rewrite.php(47): require_once('/home/dylan/Desktop/Codeigniter/CI4-exploration/public/index.php')
ERROR - 2023-07-21 17:34:31 --> ErrorException: pg_query(): Query failed: ERROR:  duplicate key value violates unique constraint &quot;news_pkey&quot;
DETAIL:  Key (id)=(2) already exists. in /home/dylan/Desktop/Codeigniter/CI4-exploration/system/Database/Postgre/Connection.php:187
Stack trace:
#0 [internal function]: CodeIgniter\Debug\Exceptions->errorHandler()
#1 /home/dylan/Desktop/Codeigniter/CI4-exploration/system/Database/Postgre/Connection.php(187): pg_query()
#2 /home/dylan/Desktop/Codeigniter/CI4-exploration/system/Database/BaseConnection.php(692): CodeIgniter\Database\Postgre\Connection->execute()
#3 /home/dylan/Desktop/Codeigniter/CI4-exploration/system/Database/BaseConnection.php(606): CodeIgniter\Database\BaseConnection->simpleQuery()
#4 /home/dylan/Desktop/Codeigniter/CI4-exploration/system/Database/BaseBuilder.php(2309): CodeIgniter\Database\BaseConnection->query()
#5 /home/dylan/Desktop/Codeigniter/CI4-exploration/system/Model.php(330): CodeIgniter\Database\BaseBuilder->insert()
#6 /home/dylan/Desktop/Codeigniter/CI4-exploration/system/BaseModel.php(782): CodeIgniter\Model->doInsert()
#7 /home/dylan/Desktop/Codeigniter/CI4-exploration/system/Model.php(730): CodeIgniter\BaseModel->insert()
#8 /home/dylan/Desktop/Codeigniter/CI4-exploration/system/BaseModel.php(692): CodeIgniter\Model->insert()
#9 /home/dylan/Desktop/Codeigniter/CI4-exploration/app/Controllers/News.php(86): CodeIgniter\BaseModel->save()
#10 /home/dylan/Desktop/Codeigniter/CI4-exploration/system/CodeIgniter.php(932): App\Controllers\News->create()
#11 /home/dylan/Desktop/Codeigniter/CI4-exploration/system/CodeIgniter.php(497): CodeIgniter\CodeIgniter->runController()
#12 /home/dylan/Desktop/Codeigniter/CI4-exploration/system/CodeIgniter.php(366): CodeIgniter\CodeIgniter->handleRequest()
#13 /home/dylan/Desktop/Codeigniter/CI4-exploration/public/index.php(67): CodeIgniter\CodeIgniter->run()
#14 /home/dylan/Desktop/Codeigniter/CI4-exploration/system/Commands/Server/rewrite.php(47): require_once('...')
#15 {main}
CRITICAL - 2023-07-21 17:34:31 --> pg_query(): Query failed: ERROR:  duplicate key value violates unique constraint &quot;news_pkey&quot;
DETAIL:  Key (id)=(2) already exists.
in SYSTEMPATH/Database/Postgre/Connection.php on line 187.
 1 [internal function]: CodeIgniter\Debug\Exceptions->errorHandler()
 2 SYSTEMPATH/Database/Postgre/Connection.php(187): pg_query()
 3 SYSTEMPATH/Database/BaseConnection.php(692): CodeIgniter\Database\Postgre\Connection->execute()
 4 SYSTEMPATH/Database/BaseConnection.php(606): CodeIgniter\Database\BaseConnection->simpleQuery()
 5 SYSTEMPATH/Database/BaseBuilder.php(2309): CodeIgniter\Database\BaseConnection->query()
 6 SYSTEMPATH/Model.php(330): CodeIgniter\Database\BaseBuilder->insert()
 7 SYSTEMPATH/BaseModel.php(782): CodeIgniter\Model->doInsert()
 8 SYSTEMPATH/Model.php(730): CodeIgniter\BaseModel->insert()
 9 SYSTEMPATH/BaseModel.php(692): CodeIgniter\Model->insert()
10 APPPATH/Controllers/News.php(86): CodeIgniter\BaseModel->save()
11 SYSTEMPATH/CodeIgniter.php(932): App\Controllers\News->create()
12 SYSTEMPATH/CodeIgniter.php(497): CodeIgniter\CodeIgniter->runController()
13 SYSTEMPATH/CodeIgniter.php(366): CodeIgniter\CodeIgniter->handleRequest()
14 FCPATH/index.php(67): CodeIgniter\CodeIgniter->run()
15 SYSTEMPATH/Commands/Server/rewrite.php(47): require_once('/home/dylan/Desktop/Codeigniter/CI4-exploration/public/index.php')
ERROR - 2023-07-21 17:34:43 --> ErrorException: pg_query(): Query failed: ERROR:  duplicate key value violates unique constraint &quot;news_pkey&quot;
DETAIL:  Key (id)=(3) already exists. in /home/dylan/Desktop/Codeigniter/CI4-exploration/system/Database/Postgre/Connection.php:187
Stack trace:
#0 [internal function]: CodeIgniter\Debug\Exceptions->errorHandler()
#1 /home/dylan/Desktop/Codeigniter/CI4-exploration/system/Database/Postgre/Connection.php(187): pg_query()
#2 /home/dylan/Desktop/Codeigniter/CI4-exploration/system/Database/BaseConnection.php(692): CodeIgniter\Database\Postgre\Connection->execute()
#3 /home/dylan/Desktop/Codeigniter/CI4-exploration/system/Database/BaseConnection.php(606): CodeIgniter\Database\BaseConnection->simpleQuery()
#4 /home/dylan/Desktop/Codeigniter/CI4-exploration/system/Database/BaseBuilder.php(2309): CodeIgniter\Database\BaseConnection->query()
#5 /home/dylan/Desktop/Codeigniter/CI4-exploration/system/Model.php(330): CodeIgniter\Database\BaseBuilder->insert()
#6 /home/dylan/Desktop/Codeigniter/CI4-exploration/system/BaseModel.php(782): CodeIgniter\Model->doInsert()
#7 /home/dylan/Desktop/Codeigniter/CI4-exploration/system/Model.php(730): CodeIgniter\BaseModel->insert()
#8 /home/dylan/Desktop/Codeigniter/CI4-exploration/system/BaseModel.php(692): CodeIgniter\Model->insert()
#9 /home/dylan/Desktop/Codeigniter/CI4-exploration/app/Controllers/News.php(86): CodeIgniter\BaseModel->save()
#10 /home/dylan/Desktop/Codeigniter/CI4-exploration/system/CodeIgniter.php(932): App\Controllers\News->create()
#11 /home/dylan/Desktop/Codeigniter/CI4-exploration/system/CodeIgniter.php(497): CodeIgniter\CodeIgniter->runController()
#12 /home/dylan/Desktop/Codeigniter/CI4-exploration/system/CodeIgniter.php(366): CodeIgniter\CodeIgniter->handleRequest()
#13 /home/dylan/Desktop/Codeigniter/CI4-exploration/public/index.php(67): CodeIgniter\CodeIgniter->run()
#14 /home/dylan/Desktop/Codeigniter/CI4-exploration/system/Commands/Server/rewrite.php(47): require_once('...')
#15 {main}
CRITICAL - 2023-07-21 17:34:43 --> pg_query(): Query failed: ERROR:  duplicate key value violates unique constraint &quot;news_pkey&quot;
DETAIL:  Key (id)=(3) already exists.
in SYSTEMPATH/Database/Postgre/Connection.php on line 187.
 1 [internal function]: CodeIgniter\Debug\Exceptions->errorHandler()
 2 SYSTEMPATH/Database/Postgre/Connection.php(187): pg_query()
 3 SYSTEMPATH/Database/BaseConnection.php(692): CodeIgniter\Database\Postgre\Connection->execute()
 4 SYSTEMPATH/Database/BaseConnection.php(606): CodeIgniter\Database\BaseConnection->simpleQuery()
 5 SYSTEMPATH/Database/BaseBuilder.php(2309): CodeIgniter\Database\BaseConnection->query()
 6 SYSTEMPATH/Model.php(330): CodeIgniter\Database\BaseBuilder->insert()
 7 SYSTEMPATH/BaseModel.php(782): CodeIgniter\Model->doInsert()
 8 SYSTEMPATH/Model.php(730): CodeIgniter\BaseModel->insert()
 9 SYSTEMPATH/BaseModel.php(692): CodeIgniter\Model->insert()
10 APPPATH/Controllers/News.php(86): CodeIgniter\BaseModel->save()
11 SYSTEMPATH/CodeIgniter.php(932): App\Controllers\News->create()
12 SYSTEMPATH/CodeIgniter.php(497): CodeIgniter\CodeIgniter->runController()
13 SYSTEMPATH/CodeIgniter.php(366): CodeIgniter\CodeIgniter->handleRequest()
14 FCPATH/index.php(67): CodeIgniter\CodeIgniter->run()
15 SYSTEMPATH/Commands/Server/rewrite.php(47): require_once('/home/dylan/Desktop/Codeigniter/CI4-exploration/public/index.php')
ERROR - 2023-07-21 17:35:35 --> ErrorException: pg_query(): Query failed: ERROR:  duplicate key value violates unique constraint &quot;news_slug_key&quot;
DETAIL:  Key (slug)=(alikalikalikalika) already exists. in /home/dylan/Desktop/Codeigniter/CI4-exploration/system/Database/Postgre/Connection.php:187
Stack trace:
#0 [internal function]: CodeIgniter\Debug\Exceptions->errorHandler()
#1 /home/dylan/Desktop/Codeigniter/CI4-exploration/system/Database/Postgre/Connection.php(187): pg_query()
#2 /home/dylan/Desktop/Codeigniter/CI4-exploration/system/Database/BaseConnection.php(692): CodeIgniter\Database\Postgre\Connection->execute()
#3 /home/dylan/Desktop/Codeigniter/CI4-exploration/system/Database/BaseConnection.php(606): CodeIgniter\Database\BaseConnection->simpleQuery()
#4 /home/dylan/Desktop/Codeigniter/CI4-exploration/system/Database/BaseBuilder.php(2309): CodeIgniter\Database\BaseConnection->query()
#5 /home/dylan/Desktop/Codeigniter/CI4-exploration/system/Model.php(330): CodeIgniter\Database\BaseBuilder->insert()
#6 /home/dylan/Desktop/Codeigniter/CI4-exploration/system/BaseModel.php(782): CodeIgniter\Model->doInsert()
#7 /home/dylan/Desktop/Codeigniter/CI4-exploration/system/Model.php(730): CodeIgniter\BaseModel->insert()
#8 /home/dylan/Desktop/Codeigniter/CI4-exploration/system/BaseModel.php(692): CodeIgniter\Model->insert()
#9 /home/dylan/Desktop/Codeigniter/CI4-exploration/app/Controllers/News.php(86): CodeIgniter\BaseModel->save()
#10 /home/dylan/Desktop/Codeigniter/CI4-exploration/system/CodeIgniter.php(932): App\Controllers\News->create()
#11 /home/dylan/Desktop/Codeigniter/CI4-exploration/system/CodeIgniter.php(497): CodeIgniter\CodeIgniter->runController()
#12 /home/dylan/Desktop/Codeigniter/CI4-exploration/system/CodeIgniter.php(366): CodeIgniter\CodeIgniter->handleRequest()
#13 /home/dylan/Desktop/Codeigniter/CI4-exploration/public/index.php(67): CodeIgniter\CodeIgniter->run()
#14 /home/dylan/Desktop/Codeigniter/CI4-exploration/system/Commands/Server/rewrite.php(47): require_once('...')
#15 {main}
CRITICAL - 2023-07-21 17:35:35 --> pg_query(): Query failed: ERROR:  duplicate key value violates unique constraint &quot;news_slug_key&quot;
DETAIL:  Key (slug)=(alikalikalikalika) already exists.
in SYSTEMPATH/Database/Postgre/Connection.php on line 187.
 1 [internal function]: CodeIgniter\Debug\Exceptions->errorHandler()
 2 SYSTEMPATH/Database/Postgre/Connection.php(187): pg_query()
 3 SYSTEMPATH/Database/BaseConnection.php(692): CodeIgniter\Database\Postgre\Connection->execute()
 4 SYSTEMPATH/Database/BaseConnection.php(606): CodeIgniter\Database\BaseConnection->simpleQuery()
 5 SYSTEMPATH/Database/BaseBuilder.php(2309): CodeIgniter\Database\BaseConnection->query()
 6 SYSTEMPATH/Model.php(330): CodeIgniter\Database\BaseBuilder->insert()
 7 SYSTEMPATH/BaseModel.php(782): CodeIgniter\Model->doInsert()
 8 SYSTEMPATH/Model.php(730): CodeIgniter\BaseModel->insert()
 9 SYSTEMPATH/BaseModel.php(692): CodeIgniter\Model->insert()
10 APPPATH/Controllers/News.php(86): CodeIgniter\BaseModel->save()
11 SYSTEMPATH/CodeIgniter.php(932): App\Controllers\News->create()
12 SYSTEMPATH/CodeIgniter.php(497): CodeIgniter\CodeIgniter->runController()
13 SYSTEMPATH/CodeIgniter.php(366): CodeIgniter\CodeIgniter->handleRequest()
14 FCPATH/index.php(67): CodeIgniter\CodeIgniter->run()
15 SYSTEMPATH/Commands/Server/rewrite.php(47): require_once('/home/dylan/Desktop/Codeigniter/CI4-exploration/public/index.php')
ERROR - 2023-07-21 17:36:06 --> ErrorException: pg_query(): Query failed: ERROR:  duplicate key value violates unique constraint &quot;news_slug_key&quot;
DETAIL:  Key (slug)=(alikalikalikalika) already exists. in /home/dylan/Desktop/Codeigniter/CI4-exploration/system/Database/Postgre/Connection.php:187
Stack trace:
#0 [internal function]: CodeIgniter\Debug\Exceptions->errorHandler()
#1 /home/dylan/Desktop/Codeigniter/CI4-exploration/system/Database/Postgre/Connection.php(187): pg_query()
#2 /home/dylan/Desktop/Codeigniter/CI4-exploration/system/Database/BaseConnection.php(692): CodeIgniter\Database\Postgre\Connection->execute()
#3 /home/dylan/Desktop/Codeigniter/CI4-exploration/system/Database/BaseConnection.php(606): CodeIgniter\Database\BaseConnection->simpleQuery()
#4 /home/dylan/Desktop/Codeigniter/CI4-exploration/system/Database/BaseBuilder.php(2309): CodeIgniter\Database\BaseConnection->query()
#5 /home/dylan/Desktop/Codeigniter/CI4-exploration/system/Model.php(330): CodeIgniter\Database\BaseBuilder->insert()
#6 /home/dylan/Desktop/Codeigniter/CI4-exploration/system/BaseModel.php(782): CodeIgniter\Model->doInsert()
#7 /home/dylan/Desktop/Codeigniter/CI4-exploration/system/Model.php(730): CodeIgniter\BaseModel->insert()
#8 /home/dylan/Desktop/Codeigniter/CI4-exploration/system/BaseModel.php(692): CodeIgniter\Model->insert()
#9 /home/dylan/Desktop/Codeigniter/CI4-exploration/app/Controllers/News.php(86): CodeIgniter\BaseModel->save()
#10 /home/dylan/Desktop/Codeigniter/CI4-exploration/system/CodeIgniter.php(932): App\Controllers\News->create()
#11 /home/dylan/Desktop/Codeigniter/CI4-exploration/system/CodeIgniter.php(497): CodeIgniter\CodeIgniter->runController()
#12 /home/dylan/Desktop/Codeigniter/CI4-exploration/system/CodeIgniter.php(366): CodeIgniter\CodeIgniter->handleRequest()
#13 /home/dylan/Desktop/Codeigniter/CI4-exploration/public/index.php(67): CodeIgniter\CodeIgniter->run()
#14 /home/dylan/Desktop/Codeigniter/CI4-exploration/system/Commands/Server/rewrite.php(47): require_once('...')
#15 {main}
CRITICAL - 2023-07-21 17:36:06 --> pg_query(): Query failed: ERROR:  duplicate key value violates unique constraint &quot;news_slug_key&quot;
DETAIL:  Key (slug)=(alikalikalikalika) already exists.
in SYSTEMPATH/Database/Postgre/Connection.php on line 187.
 1 [internal function]: CodeIgniter\Debug\Exceptions->errorHandler()
 2 SYSTEMPATH/Database/Postgre/Connection.php(187): pg_query()
 3 SYSTEMPATH/Database/BaseConnection.php(692): CodeIgniter\Database\Postgre\Connection->execute()
 4 SYSTEMPATH/Database/BaseConnection.php(606): CodeIgniter\Database\BaseConnection->simpleQuery()
 5 SYSTEMPATH/Database/BaseBuilder.php(2309): CodeIgniter\Database\BaseConnection->query()
 6 SYSTEMPATH/Model.php(330): CodeIgniter\Database\BaseBuilder->insert()
 7 SYSTEMPATH/BaseModel.php(782): CodeIgniter\Model->doInsert()
 8 SYSTEMPATH/Model.php(730): CodeIgniter\BaseModel->insert()
 9 SYSTEMPATH/BaseModel.php(692): CodeIgniter\Model->insert()
10 APPPATH/Controllers/News.php(86): CodeIgniter\BaseModel->save()
11 SYSTEMPATH/CodeIgniter.php(932): App\Controllers\News->create()
12 SYSTEMPATH/CodeIgniter.php(497): CodeIgniter\CodeIgniter->runController()
13 SYSTEMPATH/CodeIgniter.php(366): CodeIgniter\CodeIgniter->handleRequest()
14 FCPATH/index.php(67): CodeIgniter\CodeIgniter->run()
15 SYSTEMPATH/Commands/Server/rewrite.php(47): require_once('/home/dylan/Desktop/Codeigniter/CI4-exploration/public/index.php')
