CRITICAL - 2023-09-19 20:37:42 --> Call to undefined method App\Models\UserModel::initController
in SYSTEMPATH/Model.php on line 838.
 1 SYSTEMPATH/CodeIgniter.php(905): CodeIgniter\Model->__call()
 2 SYSTEMPATH/CodeIgniter.php(488): CodeIgniter\CodeIgniter->createController()
 3 SYSTEMPATH/CodeIgniter.php(366): CodeIgniter\CodeIgniter->handleRequest()
 4 FCPATH/index.php(67): CodeIgniter\CodeIgniter->run()
 5 SYSTEMPATH/Commands/Server/rewrite.php(47): require_once('/home/dylan/Desktop/Codeigniter/CI4-exploration/public/index.php')
CRITICAL - 2023-09-19 20:41:41 --> Call to undefined function validation_list_errors()
in APPPATH/Views/login.php on line 28.
 1 SYSTEMPATH/View/View.php(224): include()
 2 SYSTEMPATH/View/View.php(227): CodeIgniter\View\View->CodeIgniter\View\{closure}()
 3 SYSTEMPATH/Common.php(1180): CodeIgniter\View\View->render()
 4 APPPATH/Controllers/LoginController.php(10): view()
 5 SYSTEMPATH/CodeIgniter.php(932): App\Controllers\LoginController->index()
 6 SYSTEMPATH/CodeIgniter.php(497): CodeIgniter\CodeIgniter->runController()
 7 SYSTEMPATH/CodeIgniter.php(366): CodeIgniter\CodeIgniter->handleRequest()
 8 FCPATH/index.php(67): CodeIgniter\CodeIgniter->run()
 9 SYSTEMPATH/Commands/Server/rewrite.php(47): require_once('/home/dylan/Desktop/Codeigniter/CI4-exploration/public/index.php')
CRITICAL - 2023-09-19 20:42:42 --> Call to undefined function validation_list_errors()
in APPPATH/Views/login.php on line 28.
 1 SYSTEMPATH/View/View.php(224): include()
 2 SYSTEMPATH/View/View.php(227): CodeIgniter\View\View->CodeIgniter\View\{closure}()
 3 SYSTEMPATH/Common.php(1180): CodeIgniter\View\View->render()
 4 APPPATH/Controllers/LoginController.php(10): view()
 5 SYSTEMPATH/CodeIgniter.php(932): App\Controllers\LoginController->index()
 6 SYSTEMPATH/CodeIgniter.php(497): CodeIgniter\CodeIgniter->runController()
 7 SYSTEMPATH/CodeIgniter.php(366): CodeIgniter\CodeIgniter->handleRequest()
 8 FCPATH/index.php(67): CodeIgniter\CodeIgniter->run()
 9 SYSTEMPATH/Commands/Server/rewrite.php(47): require_once('/home/dylan/Desktop/Codeigniter/CI4-exploration/public/index.php')
CRITICAL - 2023-09-19 20:42:52 --> Call to undefined function validation_list_errors()
in APPPATH/Views/login.php on line 28.
 1 SYSTEMPATH/View/View.php(224): include()
 2 SYSTEMPATH/View/View.php(227): CodeIgniter\View\View->CodeIgniter\View\{closure}()
 3 SYSTEMPATH/Common.php(1180): CodeIgniter\View\View->render()
 4 APPPATH/Controllers/LoginController.php(10): view()
 5 SYSTEMPATH/CodeIgniter.php(932): App\Controllers\LoginController->index()
 6 SYSTEMPATH/CodeIgniter.php(497): CodeIgniter\CodeIgniter->runController()
 7 SYSTEMPATH/CodeIgniter.php(366): CodeIgniter\CodeIgniter->handleRequest()
 8 FCPATH/index.php(67): CodeIgniter\CodeIgniter->run()
 9 SYSTEMPATH/Commands/Server/rewrite.php(47): require_once('/home/dylan/Desktop/Codeigniter/CI4-exploration/public/index.php')
